<?xml version="1.0" encoding="UTF-8"?>
<!-- Generated by org.testng.reporters.JUnitReportReporter -->
<testsuite hostname="MSI" failures="0" tests="2" name="abhisheklearning.AllTests" time="4.043" errors="0" timestamp="03 Jul 2024 14:25:25 GMT" skipped="0">
  <testcase classname="abhisheklearning.AllTests" name="Test_Scenario1" time="1.128"/>
  <testcase classname="abhisheklearning.AllTests" name="Test_Scenario3" time="2.915"/>
</testsuite> <!-- abhisheklearning.AllTests -->
